<?xml version="1.0" encoding="UTF-8"?>
<!-- Generated by org.testng.reporters.JUnitXMLReporter -->
<testsuite ignored="4" hostname="PranushaTarun" failures="0" tests="3" name="Module_Test" time="0.097" errors="0" timestamp="2022-11-28T06:23:04 EST">
  <testcase classname="testng_Suite1.Module2" name="test001" time="0.018"/>
  <testcase classname="testng_Suite1.Module1" name="test001" time="0.003"/>
  <testcase classname="testng_Suite1.Module2" name="test002" time="0.004"/>
  <testcase classname="testng_Suite1.Module2" name="test003" time="0.0">
    <ignored/>
  </testcase> <!-- test003 -->
  <testcase classname="testng_Suite1.Module1" name="test003" time="0.0">
    <ignored/>
  </testcase> <!-- test003 -->
  <testcase classname="testng_Suite1.Module1" name="login" time="0.0">
    <ignored/>
  </testcase> <!-- login -->
  <testcase classname="testng_Suite1.Module1" name="test002" time="0.0">
    <ignored/>
  </testcase> <!-- test002 -->
</testsuite> <!-- Module_Test -->
